0 info it worked if it ends with ok
1 verbose cli [ '/usr/bin/nodejs', '/usr/bin/npm', 'start' ]
2 info using npm@4.0.3
3 info using node@v4.4.7
4 verbose run-script [ 'prestart', 'start', 'poststart' ]
5 info lifecycle music_store@0.0.0~prestart: music_store@0.0.0
6 silly lifecycle music_store@0.0.0~prestart: no script for prestart, continuing
7 info lifecycle music_store@0.0.0~start: music_store@0.0.0
8 verbose lifecycle music_store@0.0.0~start: unsafe-perm in lifecycle true
9 verbose lifecycle music_store@0.0.0~start: PATH: /usr/lib/node_modules/npm/bin/node-gyp-bin:/home/nf/launch_school/web_dev/front_end/music_store/node_modules/.bin:/home/nf/bin:/home/nf/bin:/usr/local/heroku/bin:/home/nf/.rvm/gems/ruby-2.2.3/bin:/home/nf/.rvm/gems/ruby-2.2.3@global/bin:/home/nf/.rvm/rubies/ruby-2.2.3/bin:/home/nf/bin:/usr/local/sbin:/usr/local/bin:/usr/sbin:/usr/bin:/sbin:/bin:/usr/games:/usr/local/games:/usr/local/java/jdk1.8.0_77/jre/bin:/usr/local/java/jdk1.8.0_77/bin:/home/nf/.rvm/bin:/usr/local/java/jdk1.8.0_77/jre/bin:/usr/local/java/jdk1.8.0_77/bin:/home/nf/.rvm/bin:/home/nf/.rvm/bin
10 verbose lifecycle music_store@0.0.0~start: CWD: /home/nf/launch_school/web_dev/front_end/music_store
11 silly lifecycle music_store@0.0.0~start: Args: [ '-c', 'nodemon ./bin/www' ]
12 silly lifecycle music_store@0.0.0~start: Returned: code: 1  signal: null
13 info lifecycle music_store@0.0.0~start: Failed to exec start script
14 verbose stack Error: music_store@0.0.0 start: `nodemon ./bin/www`
14 verbose stack Exit status 1
14 verbose stack     at EventEmitter.<anonymous> (/usr/lib/node_modules/npm/lib/utils/lifecycle.js:279:16)
14 verbose stack     at emitTwo (events.js:87:13)
14 verbose stack     at EventEmitter.emit (events.js:172:7)
14 verbose stack     at ChildProcess.<anonymous> (/usr/lib/node_modules/npm/lib/utils/spawn.js:40:14)
14 verbose stack     at emitTwo (events.js:87:13)
14 verbose stack     at ChildProcess.emit (events.js:172:7)
14 verbose stack     at maybeClose (internal/child_process.js:827:16)
14 verbose stack     at Process.ChildProcess._handle.onexit (internal/child_process.js:211:5)
15 verbose pkgid music_store@0.0.0
16 verbose cwd /home/nf/launch_school/web_dev/front_end/music_store
17 error Linux 3.19.0-25-generic
18 error argv "/usr/bin/nodejs" "/usr/bin/npm" "start"
19 error node v4.4.7
20 error npm  v4.0.3
21 error code ELIFECYCLE
22 error music_store@0.0.0 start: `nodemon ./bin/www`
22 error Exit status 1
23 error Failed at the music_store@0.0.0 start script 'nodemon ./bin/www'.
23 error Make sure you have the latest version of node.js and npm installed.
23 error If you do, this is most likely a problem with the music_store package,
23 error not with npm itself.
23 error Tell the author that this fails on your system:
23 error     nodemon ./bin/www
23 error You can get information on how to open an issue for this project with:
23 error     npm bugs music_store
23 error Or if that isn't available, you can get their info via:
23 error     npm owner ls music_store
23 error There is likely additional logging output above.
24 verbose exit [ 1, true ]
